  stdafx.cpp
  CamHeading.cpp
  CamHeading.vcxproj -> D:\Github\CamHeading\CamHeading\Debug\CamHeading.exe
  C:\Program Files (x86)\OpenNI2\Redist\OpenNI.ini
  C:\Program Files (x86)\OpenNI2\Redist\OpenNI2.dll
  C:\Program Files (x86)\OpenNI2\Redist\OpenNI2.pdb
  C:\Program Files (x86)\OpenNI2\Redist\PS1080.ini
  C:\Program Files (x86)\OpenNI2\Redist\OpenNI2\Drivers\Kinect.dll
  C:\Program Files (x86)\OpenNI2\Redist\OpenNI2\Drivers\Kinect.pdb
  C:\Program Files (x86)\OpenNI2\Redist\OpenNI2\Drivers\OniFile.dll
  C:\Program Files (x86)\OpenNI2\Redist\OpenNI2\Drivers\OniFile.pdb
  C:\Program Files (x86)\OpenNI2\Redist\OpenNI2\Drivers\PS1080.dll
  C:\Program Files (x86)\OpenNI2\Redist\OpenNI2\Drivers\PS1080.pdb
  10 File(s) copied
  C:\Program Files (x86)\PrimeSense\NiTE2\Redist\NiTE.ini
  C:\Program Files (x86)\PrimeSense\NiTE2\Redist\NiTE2.dll
  C:\Program Files (x86)\PrimeSense\NiTE2\Redist\NiTE2.pdb
  C:\Program Files (x86)\PrimeSense\NiTE2\Redist\NiTE2\FeatureExtraction.ini
  C:\Program Files (x86)\PrimeSense\NiTE2\Redist\NiTE2\h.dat
  C:\Program Files (x86)\PrimeSense\NiTE2\Redist\NiTE2\HandAlgorithms.ini
  C:\Program Files (x86)\PrimeSense\NiTE2\Redist\NiTE2\s.dat
  C:\Program Files (x86)\PrimeSense\NiTE2\Redist\NiTE2\Data\lbsdata.idx
  C:\Program Files (x86)\PrimeSense\NiTE2\Redist\NiTE2\Data\lbsdata.lbd
  C:\Program Files (x86)\PrimeSense\NiTE2\Redist\NiTE2\Data\lbsparam1.lbd
  C:\Program Files (x86)\PrimeSense\NiTE2\Redist\NiTE2\Data\lbsparam2.lbd
  11 File(s) copied
  C:\glut\glut32.dll
  C:\glut\glut32.lib
  C:\glut\glut64.dll
  C:\glut\glut64.lib
  4 File(s) copied
